2025-06-29 05:48:31 info: Extension install status updated: user_id=0, installed=false
2025-06-29 07:44:37 info: Fetched tokens for user_id=947: 50
2025-06-29 07:44:41 info: User authenticated successfully: userId=947
2025-06-29 07:44:41 info: Prompt data saved successfully for user_id=947
2025-06-29 07:44:42 info: User authenticated successfully: userId=947
2025-06-29 07:44:42 info: Prompt data saved successfully for user_id=947
2025-06-29 09:48:52 info: User authenticated successfully: userId=969
2025-06-29 09:48:52 info: User authenticated successfully: userId=969
2025-06-29 09:48:52 info: User history fetched successfully for user_id=969
2025-06-29 09:48:53 info: Fetched tokens for user_id=969: 50
2025-06-29 17:52:01 info: Fetched tokens for user_id=963: 50
2025-06-29 17:52:06 info: User authenticated successfully: userId=963
2025-06-29 17:52:06 info: Prompt data saved successfully for user_id=963
2025-06-29 17:52:09 info: User authenticated successfully: userId=963
2025-06-29 17:52:09 info: Prompt data saved successfully for user_id=963
2025-06-30 06:28:02 info: Fetched tokens for user_id=136: 5218
2025-06-30 06:46:04 info: Fetched tokens for user_id=851: 15
2025-06-30 06:46:12 info: Fetched tokens for user_id=851: 15
2025-06-30 06:46:25 info: Login successful for user: rthokal66808@gmail.com, user_id: 851
2025-06-30 06:46:26 info: User authenticated successfully: userId=851
2025-06-30 06:46:26 info: User authenticated successfully: userId=851
2025-06-30 06:46:26 info: User history fetched successfully for user_id=851
2025-06-30 06:46:27 info: Fetched tokens for user_id=851: 15
2025-06-30 06:47:56 info: Fetched tokens for user_id=224: 1981
2025-06-30 06:47:56 info: Fetched tokens for user_id=224: 1981
2025-06-30 06:47:59 info: Fetched tokens for user_id=224: 1981
2025-06-30 06:47:59 info: Fetched tokens for user_id=224: 1981
2025-06-30 06:48:00 info: Fetched tokens for user_id=224: 1981
2025-06-30 06:48:00 info: Fetched tokens for user_id=224: 1981
2025-06-30 06:48:01 info: Fetched tokens for user_id=224: 1981
2025-06-30 06:48:01 info: Fetched tokens for user_id=224: 1981
2025-06-30 06:48:02 info: Fetched tokens for user_id=224: 1981
2025-06-30 06:48:02 info: Fetched tokens for user_id=224: 1981
2025-06-30 06:48:03 info: Fetched tokens for user_id=224: 1981
2025-06-30 06:48:03 info: Fetched tokens for user_id=224: 1981
2025-06-30 06:48:10 info: Fetched tokens for user_id=224: 1981
2025-06-30 06:48:10 info: Fetched tokens for user_id=224: 1981
2025-06-30 06:48:11 info: Fetched tokens for user_id=224: 1981
2025-06-30 06:48:11 info: Fetched tokens for user_id=224: 1981
2025-06-30 06:48:13 info: Fetched tokens for user_id=224: 1981
2025-06-30 06:48:13 info: Fetched tokens for user_id=224: 1981
2025-06-30 06:48:14 info: Fetched tokens for user_id=224: 1981
2025-06-30 06:48:14 info: Fetched tokens for user_id=224: 1981
2025-06-30 06:48:15 info: Fetched tokens for user_id=224: 1981
2025-06-30 06:48:15 info: Fetched tokens for user_id=224: 1981
2025-06-30 07:53:29 info: Extension install status updated: user_id=0, installed=false
2025-06-30 07:53:44 info: User authenticated successfully: userId=136
2025-06-30 07:53:44 info: User authenticated successfully: userId=136
2025-06-30 07:53:44 info: User history fetched successfully for user_id=136
2025-06-30 07:53:45 info: Fetched tokens for user_id=136: 5218
2025-06-30 08:01:44 info: User authenticated successfully: userId=136
2025-06-30 08:01:44 info: User authenticated successfully: userId=136
2025-06-30 08:01:44 info: User history fetched successfully for user_id=136
2025-06-30 08:01:44 info: Fetched tokens for user_id=136: 5218
2025-06-30 08:01:56 info: Fetched tokens for user_id=136: 5218
2025-06-30 08:02:39 info: Fetched tokens for user_id=136: 5218
2025-06-30 08:02:47 info: Fetched tokens for user_id=136: 5218
2025-06-30 08:03:06 info: Fetched tokens for user_id=136: 5218
2025-06-30 08:03:56 info: Fetched tokens for user_id=136: 5218
2025-06-30 08:04:25 info: Fetched tokens for user_id=136: 5218
2025-06-30 08:07:41 info: Fetched tokens for user_id=853: 493
2025-06-30 08:09:46 info: User authenticated successfully: userId=862
2025-06-30 08:09:46 info: User authenticated successfully: userId=862
2025-06-30 08:09:46 info: User history fetched successfully for user_id=862
2025-06-30 08:09:46 info: Fetched tokens for user_id=862: 5000
2025-06-30 08:10:39 info: User authenticated successfully: userId=862
2025-06-30 08:10:39 info: Creating Razorpay order: amount=5000, currency=INR
2025-06-30 08:10:39 info: Razorpay options: {"amount":5000,"currency":"INR","receipt":"order_1751271039485"}
2025-06-30 08:10:40 info: Razorpay order created successfully of Currency : INR and Amount : 5000
2025-06-30 08:10:40 info: User authenticated successfully: userId=862
2025-06-30 08:10:40 info: Fetching Razorpay order details: userId=862, orderId=order_QnKvyLXX40k3Ob, paymentId=undefined
2025-06-30 08:10:40 info: Razorpay payment success: userDetails={"user_id":862,"name":"Test Shoeb","email":"Test008@gmail.com","password":"$2b$10$mF26EZv5LY.HfFgczB1A9.b1ohaDnwAIPQsAXAcd2420PI5PPpvEO","tokens":5000,"google_id":null,"referred_by":null,"tutorial":false,"email_verified":false,"used_codes":["ARJUNNODEV"],"created_at":"2025-05-06T09:29:23.101Z","updated_at":"2025-06-18T12:57:09.301Z","installed":true}
2025-06-30 08:10:42 info: Razorpay order details fetched successfully
2025-06-30 08:11:35 info: User authenticated successfully: userId=862
2025-06-30 08:11:35 info: User authenticated successfully: userId=862
2025-06-30 08:11:35 info: Fetching Razorpay order details: userId=862, orderId=undefined, paymentId=pay_QnKwUvisI1Ao7X
2025-06-30 08:11:36 info: Razorpay payment success: userDetails={"user_id":862,"name":"Test Shoeb","email":"Test008@gmail.com","password":"$2b$10$mF26EZv5LY.HfFgczB1A9.b1ohaDnwAIPQsAXAcd2420PI5PPpvEO","tokens":5000,"google_id":null,"referred_by":null,"tutorial":false,"email_verified":false,"used_codes":["ARJUNNODEV"],"created_at":"2025-05-06T09:29:23.101Z","updated_at":"2025-06-18T12:57:09.301Z","installed":true}
2025-06-30 08:11:37 info: Razorpay order details fetched successfully
2025-06-30 08:11:48 info: User authenticated successfully: userId=862
2025-06-30 08:11:48 info: User authenticated successfully: userId=862
2025-06-30 08:11:48 info: User history fetched successfully for user_id=862
2025-06-30 08:11:48 info: Fetched tokens for user_id=862: 5000
2025-06-30 08:26:23 info: User authenticated successfully: userId=329
2025-06-30 08:26:23 info: User history fetched successfully for user_id=329
2025-06-30 08:26:23 info: Fetched tokens for user_id=329: 7930
2025-06-30 08:28:10 info: Login successful for user: skullgaming330p@gmail.com, user_id: 136
2025-06-30 08:28:46 info: Fetched tokens for user_id=136: 5218
2025-06-30 08:28:59 info: User authenticated successfully: userId=136
2025-06-30 08:28:59 info: Tokens updated for user_id=136. New total: 5318
2025-06-30 08:29:13 info: Fetched tokens for user_id=853: 493
2025-06-30 08:36:03 info: User authenticated successfully: userId=136
2025-06-30 08:36:03 info: User authenticated successfully: userId=136
2025-06-30 08:36:03 info: User history fetched successfully for user_id=136
2025-06-30 08:36:03 info: Fetched tokens for user_id=136: 5318
2025-06-30 08:36:18 info: User authenticated successfully: userId=136
2025-06-30 08:36:18 info: Tokens updated for user_id=136. New total: 5418
2025-06-30 08:36:25 info: User authenticated successfully: userId=136
2025-06-30 08:36:25 info: User authenticated successfully: userId=136
2025-06-30 08:36:25 info: User history fetched successfully for user_id=136
2025-06-30 08:36:25 info: Fetched tokens for user_id=136: 5418
2025-06-30 08:46:00 info: User authenticated successfully: userId=136
2025-06-30 08:46:00 info: User authenticated successfully: userId=136
2025-06-30 08:46:00 info: User history fetched successfully for user_id=136
2025-06-30 08:46:00 info: Fetched tokens for user_id=136: 5418
2025-06-30 08:46:28 info: User authenticated successfully: userId=136
2025-06-30 08:46:28 info: Phonepe create order: amount=50, currency=INR
2025-06-30 08:46:29 info: Phonepe order created successfully
2025-06-30 08:46:46 info: User authenticated successfully: userId=136
2025-06-30 08:46:46 info: User authenticated successfully: userId=136
2025-06-30 08:46:46 info: User history fetched successfully for user_id=136
2025-06-30 08:46:46 info: Fetched tokens for user_id=136: 5418
2025-06-30 08:46:52 info: User authenticated successfully: userId=136
2025-06-30 08:46:52 info: User authenticated successfully: userId=136
2025-06-30 08:46:52 info: User history fetched successfully for user_id=136
2025-06-30 08:46:53 info: Fetched tokens for user_id=136: 5418
2025-06-30 08:49:26 info: Fetched tokens for user_id=853: 493
2025-06-30 08:49:46 info: User authenticated successfully: userId=136
2025-06-30 08:49:46 info: User authenticated successfully: userId=136
2025-06-30 08:49:46 info: User history fetched successfully for user_id=136
2025-06-30 08:49:46 info: Fetched tokens for user_id=136: 5418
2025-06-30 08:53:03 info: Fetched tokens for user_id=853: 493
2025-06-30 08:54:51 info: User authenticated successfully: userId=136
2025-06-30 08:54:51 info: User authenticated successfully: userId=136
2025-06-30 08:54:51 info: User history fetched successfully for user_id=136
2025-06-30 08:54:51 info: Fetched tokens for user_id=136: 5418
2025-06-30 08:55:23 info: Fetched tokens for user_id=853: 493
2025-06-30 08:59:20 info: Fetched tokens for user_id=853: 493
2025-06-30 09:00:06 info: Fetched tokens for user_id=863: 50
2025-06-30 09:03:41 info: Fetched tokens for user_id=863: 50
2025-06-30 09:07:30 info: Fetched tokens for user_id=863: 50
2025-06-30 09:08:48 info: Fetched tokens for user_id=863: 50
2025-06-30 09:19:18 info: Extension install status updated: user_id=0, installed=false
2025-06-30 09:24:24 info: User authenticated successfully: userId=851
2025-06-30 09:24:24 info: User authenticated successfully: userId=851
2025-06-30 09:24:24 info: User history fetched successfully for user_id=851
2025-06-30 09:24:24 info: Fetched tokens for user_id=851: 15
2025-06-30 09:26:28 info: User authenticated successfully: userId=136
2025-06-30 09:26:28 info: User authenticated successfully: userId=136
2025-06-30 09:26:28 info: User history fetched successfully for user_id=136
2025-06-30 09:26:28 info: Fetched tokens for user_id=136: 5418
2025-06-30 09:28:23 info: User authenticated successfully: userId=136
2025-06-30 09:28:23 info: User authenticated successfully: userId=136
2025-06-30 09:28:23 info: User history fetched successfully for user_id=136
2025-06-30 09:28:23 info: Fetched tokens for user_id=136: 5418
2025-06-30 09:28:42 info: User authenticated successfully: userId=136
2025-06-30 09:28:42 info: User authenticated successfully: userId=136
2025-06-30 09:28:42 info: User history fetched successfully for user_id=136
2025-06-30 09:28:42 info: Fetched tokens for user_id=136: 5418
2025-06-30 09:31:41 info: User authenticated successfully: userId=136
2025-06-30 09:44:56 info: Extension install status updated: user_id=0, installed=false
2025-06-30 10:05:45 info: Fetched tokens for user_id=136: 5418
2025-06-30 10:05:58 info: User authenticated successfully: userId=136
2025-06-30 10:05:58 info: Tokens deducted for user_id=136. New total: 5414
2025-06-30 10:10:54 info: Fetched tokens for user_id=136: 5414
2025-06-30 10:10:55 info: User authenticated successfully: userId=136
2025-06-30 10:10:55 info: Tokens deducted for user_id=136. New total: 5410
2025-06-30 10:11:24 info: Login successful for user: skullgaming330p@gmail.com, user_id: 136
2025-06-30 10:14:07 info: User authenticated successfully: userId=136
2025-06-30 10:22:27 info: User authenticated successfully: userId=136
2025-06-30 10:22:28 info: User authenticated successfully: userId=136
2025-06-30 10:22:28 info: User history fetched successfully for user_id=136
2025-06-30 10:22:28 info: Fetched tokens for user_id=136: 5410
2025-06-30 10:22:48 info: Login successful for user: aniketgupta83003@gmail.com, user_id: 329
2025-06-30 10:22:49 info: User authenticated successfully: userId=329
2025-06-30 10:22:49 info: User authenticated successfully: userId=329
2025-06-30 10:22:49 info: User history fetched successfully for user_id=329
2025-06-30 10:22:49 info: Fetched tokens for user_id=329: 7930
2025-06-30 10:27:50 info: User authenticated successfully: userId=329
2025-06-30 10:27:50 info: User authenticated successfully: userId=329
2025-06-30 10:27:50 info: User history fetched successfully for user_id=329
2025-06-30 10:27:50 info: Fetched tokens for user_id=329: 7930
2025-06-30 11:06:48 info: Fetched tokens for user_id=329: 7930
2025-06-30 11:06:49 info: User authenticated successfully: userId=329
2025-06-30 11:06:49 info: Tokens deducted for user_id=329. New total: 7926
2025-06-30 11:07:10 info: Fetched tokens for user_id=329: 7926
2025-06-30 11:07:11 info: User authenticated successfully: userId=329
2025-06-30 11:07:11 info: Tokens deducted for user_id=329. New total: 7922
2025-06-30 11:14:15 info: User authenticated successfully: userId=136
2025-06-30 11:14:15 info: User onboarding completed for userId=136
2025-06-30 11:17:48 info: Extension install status updated: user_id=0, installed=false
2025-06-30 11:18:04 info: User authenticated successfully: userId=329
2025-06-30 11:18:04 info: User authenticated successfully: userId=329
2025-06-30 11:18:04 info: User history fetched successfully for user_id=329
2025-06-30 11:18:04 info: Fetched tokens for user_id=329: 7922
2025-06-30 11:18:58 info: Fetched tokens for user_id=136: 5410
2025-06-30 11:19:43 info: Extension install status updated: user_id=0, installed=false
2025-06-30 11:22:21 info: User authenticated successfully: userId=329
2025-06-30 11:22:21 info: User history fetched successfully for user_id=329
2025-06-30 11:22:21 info: Fetched tokens for user_id=329: 7922
2025-06-30 11:22:21 info: User authenticated successfully: userId=329
2025-06-30 11:22:28 info: Extension install status updated: user_id=0, installed=false
2025-06-30 11:24:01 info: User authenticated successfully: userId=329
2025-06-30 11:24:01 info: User authenticated successfully: userId=329
2025-06-30 11:24:01 info: User history fetched successfully for user_id=329
2025-06-30 11:24:02 info: Fetched tokens for user_id=329: 7922
2025-06-30 11:25:37 info: New user registered: jay@veefin.com, user_id: 971
2025-06-30 11:25:43 info: User authenticated successfully: userId=971
2025-06-30 11:25:43 info: Generated new referral code for user_id=971
2025-06-30 11:25:44 info: User authenticated successfully: userId=971
2025-06-30 11:25:44 info: User history fetched successfully for user_id=971
2025-06-30 11:25:44 info: Fetched tokens for user_id=971: 50
2025-06-30 11:26:08 info: Extension install status updated: user_id=0, installed=false
2025-06-30 11:26:14 info: User authenticated successfully: userId=971
2025-06-30 11:26:14 info: New preference saved successfully for user_id=971
2025-06-30 11:26:19 info: User authenticated successfully: userId=329
2025-06-30 11:26:19 info: User authenticated successfully: userId=329
2025-06-30 11:26:19 info: User history fetched successfully for user_id=329
2025-06-30 11:26:19 info: Fetched tokens for user_id=329: 7922
2025-06-30 11:30:15 info: User authenticated successfully: userId=329
2025-06-30 11:30:15 info: User authenticated successfully: userId=329
2025-06-30 11:30:15 info: User history fetched successfully for user_id=329
2025-06-30 11:30:16 info: Fetched tokens for user_id=329: 7922
