2025-06-29 07:44:41 warn: JWT specific error: JsonWebTokenError - jwt malformed
2025-06-29 07:44:41 error: Token verification error: JsonWebTokenError: jwt malformed
2025-06-29 17:52:06 warn: JWT specific error: JsonWebTokenError - jwt malformed
2025-06-29 17:52:06 error: Token verification error: JsonWebTokenError: jwt malformed
2025-06-30 06:46:04 warn: Authentication required: No token provided.
2025-06-30 06:46:04 warn: JWT specific error: TokenExpiredError - jwt expired
2025-06-30 06:46:12 warn: JWT specific error: TokenExpiredError - jwt expired
2025-06-30 06:46:12 warn: Authentication required: No token provided.
2025-06-30 08:10:42 error: Error sending payment failure email: Forbidden (403)
  The from address does not match a verified Sender Identity. Mail cannot be sent until this error is resolved. Visit https://sendgrid.com/docs/for-developers/sending-email/sender-identity/ to see the Sender Identity requirements
    from
    null
2025-06-30 08:11:37 error: Error sending payment failure email: Forbidden (403)
  The from address does not match a verified Sender Identity. Mail cannot be sent until this error is resolved. Visit https://sendgrid.com/docs/for-developers/sending-email/sender-identity/ to see the Sender Identity requirements
    from
    null
2025-06-30 08:26:22 warn: Authentication required: No token provided.
2025-06-30 08:26:22 warn: Authentication required: No token provided.
2025-06-30 08:27:55 warn: JWT specific error: TokenExpiredError - jwt expired
2025-06-30 10:11:06 warn: Login failed: Incorrect password for email: skullgaming330p@gmail.com
2025-06-30 10:11:34 warn: JWT specific error: TokenExpiredError - jwt expired
2025-06-30 10:14:07 error: Onboarding error for userId=6: error: insert or update on table "onboarding_data" violates foreign key constraint "onboarding_data_user_id_fkey"
2025-06-30 11:18:58 warn: JWT specific error: TokenExpiredError - jwt expired
2025-06-30 11:24:46 warn: Login failed: User not found for email: jay@veefin.com
2025-06-30 11:24:54 warn: Login failed: User not found for email: jay@veefin.com
2025-06-30 11:25:01 warn: Forgot password failed: User not found for email: jay@veefin.com
